[debug] [2024-05-22T09:40:23.446Z] ----------------------------------------------------------------------
[debug] [2024-05-22T09:40:23.448Z] Command:       C:\Program Files\nodejs\node.exe C:\Users\Lavan\AppData\Roaming\npm\node_modules\firebase-tools\lib\bin\firebase.js projects:list
[debug] [2024-05-22T09:40:23.448Z] CLI Version:   13.7.4
[debug] [2024-05-22T09:40:23.448Z] Platform:      win32
[debug] [2024-05-22T09:40:23.448Z] Node Version:  v20.12.2
[debug] [2024-05-22T09:40:23.448Z] Time:          Wed May 22 2024 15:10:23 GMT+0530 (India Standard Time)
[debug] [2024-05-22T09:40:23.448Z] ----------------------------------------------------------------------
[debug] 
[debug] [2024-05-22T09:40:23.450Z] >>> [apiv2][query] GET https://firebase-public.firebaseio.com/cli.json [none]
[debug] [2024-05-22T09:40:23.491Z] > command requires scopes: ["email","openid","https://www.googleapis.com/auth/cloudplatformprojects.readonly","https://www.googleapis.com/auth/firebase","https://www.googleapis.com/auth/cloud-platform"]
[debug] [2024-05-22T09:40:23.492Z] > authorizing via signed-in user (expressuser001@gmail.com)
[debug] [2024-05-22T09:40:23.494Z] > refreshing access token with scopes: []
[debug] [2024-05-22T09:40:23.495Z] >>> [apiv2][query] POST https://www.googleapis.com/oauth2/v3/token [none]
[debug] [2024-05-22T09:40:23.495Z] >>> [apiv2][body] POST https://www.googleapis.com/oauth2/v3/token [omitted]
[debug] [2024-05-22T09:40:23.749Z] <<< [apiv2][status] POST https://www.googleapis.com/oauth2/v3/token 400
[debug] [2024-05-22T09:40:23.750Z] <<< [apiv2][body] POST https://www.googleapis.com/oauth2/v3/token [omitted]
[debug] [2024-05-22T09:40:23.750Z] >>> [apiv2][query] GET https://firebase.googleapis.com/v1beta1/projects pageSize=1000
[debug] [2024-05-22T09:40:24.167Z] <<< [apiv2][status] GET https://firebase-public.firebaseio.com/cli.json 200
[debug] [2024-05-22T09:40:24.167Z] <<< [apiv2][body] GET https://firebase-public.firebaseio.com/cli.json {"cloudBuildErrorAfter":1594252800000,"cloudBuildWarnAfter":1590019200000,"defaultNode10After":1594252800000,"minVersion":"3.0.5","node8DeploysDisabledAfter":1613390400000,"node8RuntimeDisabledAfter":1615809600000,"node8WarnAfter":1600128000000}
[warn] !  Unable to fetch the CLI MOTD and remote config. This is not a fatal error, but may indicate an issue with your network connection. 
[debug] [2024-05-22T09:40:24.176Z] Failed to fetch MOTD Error: EPERM: operation not permitted, rename 'C:\Users\Lavan\.config\configstore\firebase-tools.json.2453848828' -> 'C:\Users\Lavan\.config\configstore\firebase-tools.json'
[debug] [2024-05-22T09:40:24.321Z] <<< [apiv2][status] GET https://firebase.googleapis.com/v1beta1/projects 401
[debug] [2024-05-22T09:40:24.322Z] <<< [apiv2][body] GET https://firebase.googleapis.com/v1beta1/projects [omitted]
[debug] [2024-05-22T09:40:24.323Z] HTTP Error: 401, Request had invalid authentication credentials. Expected OAuth 2 access token, login cookie or other valid authentication credential. See https://developers.google.com/identity/sign-in/web/devconsole-project.
[debug] [2024-05-22T09:40:24.565Z] FirebaseError: HTTP Error: 401, Request had invalid authentication credentials. Expected OAuth 2 access token, login cookie or other valid authentication credential. See https://developers.google.com/identity/sign-in/web/devconsole-project.
    at responseToError (C:\Users\Lavan\AppData\Roaming\npm\node_modules\firebase-tools\lib\responseToError.js:49:12)
    at RetryOperation._fn (C:\Users\Lavan\AppData\Roaming\npm\node_modules\firebase-tools\lib\apiv2.js:299:77)
    at process.processTicksAndRejections (node:internal/process/task_queues:95:5)
[error] 
[error] Error: Failed to list Firebase projects. See firebase-debug.log for more info.
[debug] [2024-05-22T09:40:56.422Z] ----------------------------------------------------------------------
[debug] [2024-05-22T09:40:56.424Z] Command:       C:\Program Files\nodejs\node.exe C:\Users\Lavan\AppData\Roaming\npm\node_modules\firebase-tools\lib\bin\firebase.js init
[debug] [2024-05-22T09:40:56.424Z] CLI Version:   13.7.4
[debug] [2024-05-22T09:40:56.424Z] Platform:      win32
[debug] [2024-05-22T09:40:56.424Z] Node Version:  v20.12.2
[debug] [2024-05-22T09:40:56.424Z] Time:          Wed May 22 2024 15:10:56 GMT+0530 (India Standard Time)
[debug] [2024-05-22T09:40:56.424Z] ----------------------------------------------------------------------
[debug] 
[debug] [2024-05-22T09:40:56.427Z] >>> [apiv2][query] GET https://firebase-public.firebaseio.com/cli.json [none]
[debug] [2024-05-22T09:40:56.467Z] > command requires scopes: ["email","openid","https://www.googleapis.com/auth/cloudplatformprojects.readonly","https://www.googleapis.com/auth/firebase","https://www.googleapis.com/auth/cloud-platform"]
[debug] [2024-05-22T09:40:56.467Z] > authorizing via signed-in user (expressuser001@gmail.com)
[info] 
     ######## #### ########  ######## ########     ###     ######  ########
     ##        ##  ##     ## ##       ##     ##  ##   ##  ##       ##
     ######    ##  ########  ######   ########  #########  ######  ######
     ##        ##  ##    ##  ##       ##     ## ##     ##       ## ##
     ##       #### ##     ## ######## ########  ##     ##  ######  ########

You're about to initialize a Firebase project in this directory:

  C:\Invicta Projects\Product\HMS-Product-Web-Site

Before we get started, keep in mind:

  * You are currently outside your home directory

[debug] [2024-05-22T09:40:57.150Z] <<< [apiv2][status] GET https://firebase-public.firebaseio.com/cli.json 200
[debug] [2024-05-22T09:40:57.151Z] <<< [apiv2][body] GET https://firebase-public.firebaseio.com/cli.json {"cloudBuildErrorAfter":1594252800000,"cloudBuildWarnAfter":1590019200000,"defaultNode10After":1594252800000,"minVersion":"3.0.5","node8DeploysDisabledAfter":1613390400000,"node8RuntimeDisabledAfter":1615809600000,"node8WarnAfter":1600128000000}
[info] 
=== Account Setup
[info] 
[info] Which account do you want to use for this project? Choose an account or add a new one now
[info] 
[debug] [2024-05-22T09:41:37.794Z] setProjectAccount(C:\Invicta Projects\Product\HMS-Product-Web-Site, invicta.hms@gmail.com)
[info] 
[info] +  Using account: invicta.hms@gmail.com 
[info] 
=== Project Setup
[info] 
[info] First, let's associate this project directory with a Firebase project.
[info] You can create multiple project aliases by running firebase use --add, 
[info] but for now we'll just set up a default project.
[info] 
[debug] [2024-05-22T09:41:45.859Z] > refreshing access token with scopes: []
[debug] [2024-05-22T09:41:45.859Z] >>> [apiv2][query] POST https://www.googleapis.com/oauth2/v3/token [none]
[debug] [2024-05-22T09:41:45.859Z] >>> [apiv2][body] POST https://www.googleapis.com/oauth2/v3/token [omitted]
[debug] [2024-05-22T09:41:46.100Z] <<< [apiv2][status] POST https://www.googleapis.com/oauth2/v3/token 200
[debug] [2024-05-22T09:41:46.100Z] <<< [apiv2][body] POST https://www.googleapis.com/oauth2/v3/token [omitted]
[debug] [2024-05-22T09:41:46.107Z] >>> [apiv2][query] GET https://firebase.googleapis.com/v1beta1/projects pageSize=100
[debug] [2024-05-22T09:41:47.007Z] <<< [apiv2][status] GET https://firebase.googleapis.com/v1beta1/projects 200
[debug] [2024-05-22T09:41:47.007Z] <<< [apiv2][body] GET https://firebase.googleapis.com/v1beta1/projects [omitted]
[info] i  Using project bookitease-92f31 (BookItEase) 
[info] 
=== Hosting Setup
[debug] [2024-05-22T09:49:37.818Z] >>> [apiv2][query] GET https://firebase.googleapis.com/v1beta1/projects/bookitease-92f31 [none]
[debug] [2024-05-22T09:49:38.402Z] <<< [apiv2][status] GET https://firebase.googleapis.com/v1beta1/projects/bookitease-92f31 200
[debug] [2024-05-22T09:49:38.402Z] <<< [apiv2][body] GET https://firebase.googleapis.com/v1beta1/projects/bookitease-92f31 {"projectId":"bookitease-92f31","projectNumber":"472570682432","displayName":"BookItEase","name":"projects/bookitease-92f31","resources":{"hostingSite":"bookitease-92f31"},"state":"ACTIVE","etag":"1_3ab5d5ee-4a6a-4d34-9135-a2fce758ce4e"}
[info] 
[info] Your public directory is the folder (relative to your project directory) that
[info] will contain Hosting assets to be uploaded with firebase deploy. If you
[info] have a build process for your assets, use your build's output directory.
[info] 
